[0.246s] DEBUG:colcon:Command line arguments: ['/usr/bin/colcon', 'build', '--packages-select', 'text_to_cmd_vel_pkg']
[0.246s] DEBUG:colcon:Parsed command line arguments: Namespace(log_base=None, log_level=None, verb_name='build', build_base='build', install_base='install', merge_install=False, symlink_install=False, test_result_base=None, continue_on_error=False, executor='parallel', parallel_workers=16, event_handlers=None, ignore_user_meta=False, metas=['./colcon.meta'], base_paths=['.'], packages_ignore=None, packages_ignore_regex=None, paths=None, packages_up_to=None, packages_up_to_regex=None, packages_above=None, packages_above_and_dependencies=None, packages_above_depth=None, packages_select_by_dep=None, packages_skip_by_dep=None, packages_skip_up_to=None, packages_select_build_failed=False, packages_skip_build_finished=False, packages_select_test_failures=False, packages_skip_test_passed=False, packages_select=['text_to_cmd_vel_pkg'], packages_skip=None, packages_select_regex=None, packages_skip_regex=None, packages_start=None, packages_end=None, allow_overriding=[], cmake_args=None, cmake_target=None, cmake_target_skip_unavailable=False, cmake_clean_cache=False, cmake_clean_first=False, cmake_force_configure=False, ament_cmake_args=None, catkin_cmake_args=None, catkin_skip_building_tests=False, verb_parser=<colcon_defaults.argument_parser.defaults.DefaultArgumentsDecorator object at 0x748fdd254130>, verb_extension=<colcon_core.verb.build.BuildVerb object at 0x748fdd223c70>, main=<bound method BuildVerb.main of <colcon_core.verb.build.BuildVerb object at 0x748fdd223c70>>)
[0.370s] Level 1:colcon.colcon_core.package_discovery:discover_packages(colcon_meta) check parameters
[0.370s] Level 1:colcon.colcon_core.package_discovery:discover_packages(recursive) check parameters
[0.370s] Level 1:colcon.colcon_core.package_discovery:discover_packages(ignore) check parameters
[0.370s] Level 1:colcon.colcon_core.package_discovery:discover_packages(path) check parameters
[0.370s] Level 1:colcon.colcon_core.package_discovery:discover_packages(colcon_meta) discover
[0.370s] Level 1:colcon.colcon_core.package_discovery:discover_packages(recursive) discover
[0.370s] INFO:colcon.colcon_core.package_discovery:Crawling recursively for packages in '/home/johan/ros2_ws/src/text_to_cmd_vel_pkg'
[0.370s] Level 1:colcon.colcon_core.package_identification:_identify(.) by extensions ['ignore', 'ignore_ament_install']
[0.370s] Level 1:colcon.colcon_core.package_identification:_identify(.) by extension 'ignore'
[0.370s] Level 1:colcon.colcon_core.package_identification:_identify(.) by extension 'ignore_ament_install'
[0.370s] Level 1:colcon.colcon_core.package_identification:_identify(.) by extensions ['colcon_pkg']
[0.370s] Level 1:colcon.colcon_core.package_identification:_identify(.) by extension 'colcon_pkg'
[0.370s] Level 1:colcon.colcon_core.package_identification:_identify(.) by extensions ['colcon_meta']
[0.371s] Level 1:colcon.colcon_core.package_identification:_identify(.) by extension 'colcon_meta'
[0.371s] Level 1:colcon.colcon_core.package_identification:_identify(.) by extensions ['ros']
[0.371s] Level 1:colcon.colcon_core.package_identification:_identify(.) by extension 'ros'
[0.382s] DEBUG:colcon.colcon_core.package_identification:Package '.' with type 'ros.ament_python' and name 'text_to_cmd_vel_pkg'
[0.382s] Level 1:colcon.colcon_core.package_discovery:discover_packages(recursive) using defaults
[0.382s] Level 1:colcon.colcon_core.package_discovery:discover_packages(ignore) discover
[0.382s] Level 1:colcon.colcon_core.package_discovery:discover_packages(ignore) using defaults
[0.382s] Level 1:colcon.colcon_core.package_discovery:discover_packages(path) discover
[0.382s] Level 1:colcon.colcon_core.package_discovery:discover_packages(path) using defaults
[0.398s] Level 1:colcon.colcon_core.package_discovery:discover_packages(prefix_path) check parameters
[0.399s] Level 1:colcon.colcon_core.package_discovery:discover_packages(prefix_path) discover
[0.400s] DEBUG:colcon.colcon_installed_package_information.package_discovery:Found 3 installed packages in /home/johan/ros2_ws/install
[0.401s] DEBUG:colcon.colcon_installed_package_information.package_discovery:Found 271 installed packages in /opt/ros/humble
[0.403s] Level 1:colcon.colcon_core.package_discovery:discover_packages(prefix_path) using defaults
[0.444s] Level 5:colcon.colcon_core.verb:set package 'text_to_cmd_vel_pkg' build argument 'cmake_args' from command line to 'None'
[0.444s] Level 5:colcon.colcon_core.verb:set package 'text_to_cmd_vel_pkg' build argument 'cmake_target' from command line to 'None'
[0.444s] Level 5:colcon.colcon_core.verb:set package 'text_to_cmd_vel_pkg' build argument 'cmake_target_skip_unavailable' from command line to 'False'
[0.444s] Level 5:colcon.colcon_core.verb:set package 'text_to_cmd_vel_pkg' build argument 'cmake_clean_cache' from command line to 'False'
[0.444s] Level 5:colcon.colcon_core.verb:set package 'text_to_cmd_vel_pkg' build argument 'cmake_clean_first' from command line to 'False'
[0.444s] Level 5:colcon.colcon_core.verb:set package 'text_to_cmd_vel_pkg' build argument 'cmake_force_configure' from command line to 'False'
[0.444s] Level 5:colcon.colcon_core.verb:set package 'text_to_cmd_vel_pkg' build argument 'ament_cmake_args' from command line to 'None'
[0.444s] Level 5:colcon.colcon_core.verb:set package 'text_to_cmd_vel_pkg' build argument 'catkin_cmake_args' from command line to 'None'
[0.444s] Level 5:colcon.colcon_core.verb:set package 'text_to_cmd_vel_pkg' build argument 'catkin_skip_building_tests' from command line to 'False'
[0.444s] DEBUG:colcon.colcon_core.verb:Building package 'text_to_cmd_vel_pkg' with the following arguments: {'ament_cmake_args': None, 'build_base': '/home/johan/ros2_ws/src/text_to_cmd_vel_pkg/build/text_to_cmd_vel_pkg', 'catkin_cmake_args': None, 'catkin_skip_building_tests': False, 'cmake_args': None, 'cmake_clean_cache': False, 'cmake_clean_first': False, 'cmake_force_configure': False, 'cmake_target': None, 'cmake_target_skip_unavailable': False, 'install_base': '/home/johan/ros2_ws/src/text_to_cmd_vel_pkg/install/text_to_cmd_vel_pkg', 'merge_install': False, 'path': '/home/johan/ros2_ws/src/text_to_cmd_vel_pkg', 'symlink_install': False, 'test_result_base': None}
[0.445s] INFO:colcon.colcon_core.executor:Executing jobs using 'parallel' executor
[0.446s] DEBUG:colcon.colcon_parallel_executor.executor.parallel:run_until_complete
[0.446s] INFO:colcon.colcon_ros.task.ament_python.build:Building ROS package in '/home/johan/ros2_ws/src/text_to_cmd_vel_pkg' with build type 'ament_python'
[0.446s] Level 1:colcon.colcon_core.shell:create_environment_hook('text_to_cmd_vel_pkg', 'ament_prefix_path')
[0.448s] INFO:colcon.colcon_core.plugin_system:Skipping extension 'colcon_core.shell.bat': Not used on non-Windows systems
[0.449s] INFO:colcon.colcon_core.shell:Creating environment hook '/home/johan/ros2_ws/src/text_to_cmd_vel_pkg/install/text_to_cmd_vel_pkg/share/text_to_cmd_vel_pkg/hook/ament_prefix_path.ps1'
[0.452s] INFO:colcon.colcon_core.shell:Creating environment descriptor '/home/johan/ros2_ws/src/text_to_cmd_vel_pkg/install/text_to_cmd_vel_pkg/share/text_to_cmd_vel_pkg/hook/ament_prefix_path.dsv'
[0.452s] INFO:colcon.colcon_core.shell:Creating environment hook '/home/johan/ros2_ws/src/text_to_cmd_vel_pkg/install/text_to_cmd_vel_pkg/share/text_to_cmd_vel_pkg/hook/ament_prefix_path.sh'
[0.453s] INFO:colcon.colcon_core.shell:Skip shell extension 'powershell' for command environment: Not usable outside of PowerShell
[0.453s] DEBUG:colcon.colcon_core.shell:Skip shell extension 'dsv' for command environment
[0.679s] INFO:colcon.colcon_core.task.python.build:Building Python package in '/home/johan/ros2_ws/src/text_to_cmd_vel_pkg'
[0.679s] INFO:colcon.colcon_core.shell:Skip shell extension 'powershell' for command environment: Not usable outside of PowerShell
[0.679s] DEBUG:colcon.colcon_core.shell:Skip shell extension 'dsv' for command environment
[0.984s] DEBUG:colcon.colcon_core.event_handler.log_command:Invoking command in '/home/johan/ros2_ws/src/text_to_cmd_vel_pkg': PYTHONPATH=/home/johan/ros2_ws/src/text_to_cmd_vel_pkg/build/text_to_cmd_vel_pkg/prefix_override:/usr/lib/python3/dist-packages/colcon_core/task/python/colcon_distutils_commands:/home/johan/ros2_ws/src/text_to_cmd_vel_pkg/install/text_to_cmd_vel_pkg/lib/python3.10/site-packages:${PYTHONPATH} /usr/bin/python3 -W ignore:setup.py install is deprecated -W ignore:easy_install command is deprecated setup.py egg_info --egg-base build/text_to_cmd_vel_pkg build --build-base /home/johan/ros2_ws/src/text_to_cmd_vel_pkg/build/text_to_cmd_vel_pkg/build install --record /home/johan/ros2_ws/src/text_to_cmd_vel_pkg/build/text_to_cmd_vel_pkg/install.log --single-version-externally-managed install_data
[1.220s] DEBUG:colcon.colcon_core.event_handler.log_command:Invoked command in '/home/johan/ros2_ws/src/text_to_cmd_vel_pkg' returned '0': PYTHONPATH=/home/johan/ros2_ws/src/text_to_cmd_vel_pkg/build/text_to_cmd_vel_pkg/prefix_override:/usr/lib/python3/dist-packages/colcon_core/task/python/colcon_distutils_commands:/home/johan/ros2_ws/src/text_to_cmd_vel_pkg/install/text_to_cmd_vel_pkg/lib/python3.10/site-packages:${PYTHONPATH} /usr/bin/python3 -W ignore:setup.py install is deprecated -W ignore:easy_install command is deprecated setup.py egg_info --egg-base build/text_to_cmd_vel_pkg build --build-base /home/johan/ros2_ws/src/text_to_cmd_vel_pkg/build/text_to_cmd_vel_pkg/build install --record /home/johan/ros2_ws/src/text_to_cmd_vel_pkg/build/text_to_cmd_vel_pkg/install.log --single-version-externally-managed install_data
[1.222s] Level 1:colcon.colcon_core.environment:checking '/home/johan/ros2_ws/src/text_to_cmd_vel_pkg/install/text_to_cmd_vel_pkg' for CMake module files
[1.223s] Level 1:colcon.colcon_core.environment:checking '/home/johan/ros2_ws/src/text_to_cmd_vel_pkg/install/text_to_cmd_vel_pkg' for CMake config files
[1.223s] Level 1:colcon.colcon_core.environment:checking '/home/johan/ros2_ws/src/text_to_cmd_vel_pkg/install/text_to_cmd_vel_pkg/lib'
[1.223s] Level 1:colcon.colcon_core.environment:checking '/home/johan/ros2_ws/src/text_to_cmd_vel_pkg/install/text_to_cmd_vel_pkg/bin'
[1.223s] Level 1:colcon.colcon_core.environment:checking '/home/johan/ros2_ws/src/text_to_cmd_vel_pkg/install/text_to_cmd_vel_pkg/lib/pkgconfig/text_to_cmd_vel_pkg.pc'
[1.224s] Level 1:colcon.colcon_core.environment:checking '/home/johan/ros2_ws/src/text_to_cmd_vel_pkg/install/text_to_cmd_vel_pkg/lib/python3.10/site-packages'
[1.224s] Level 1:colcon.colcon_core.shell:create_environment_hook('text_to_cmd_vel_pkg', 'pythonpath')
[1.224s] INFO:colcon.colcon_core.shell:Creating environment hook '/home/johan/ros2_ws/src/text_to_cmd_vel_pkg/install/text_to_cmd_vel_pkg/share/text_to_cmd_vel_pkg/hook/pythonpath.ps1'
[1.224s] INFO:colcon.colcon_core.shell:Creating environment descriptor '/home/johan/ros2_ws/src/text_to_cmd_vel_pkg/install/text_to_cmd_vel_pkg/share/text_to_cmd_vel_pkg/hook/pythonpath.dsv'
[1.225s] INFO:colcon.colcon_core.shell:Creating environment hook '/home/johan/ros2_ws/src/text_to_cmd_vel_pkg/install/text_to_cmd_vel_pkg/share/text_to_cmd_vel_pkg/hook/pythonpath.sh'
[1.225s] Level 1:colcon.colcon_core.environment:checking '/home/johan/ros2_ws/src/text_to_cmd_vel_pkg/install/text_to_cmd_vel_pkg/bin'
[1.225s] Level 1:colcon.colcon_core.environment:create_environment_scripts_only(text_to_cmd_vel_pkg)
[1.225s] INFO:colcon.colcon_core.shell:Creating package script '/home/johan/ros2_ws/src/text_to_cmd_vel_pkg/install/text_to_cmd_vel_pkg/share/text_to_cmd_vel_pkg/package.ps1'
[1.226s] INFO:colcon.colcon_core.shell:Creating package descriptor '/home/johan/ros2_ws/src/text_to_cmd_vel_pkg/install/text_to_cmd_vel_pkg/share/text_to_cmd_vel_pkg/package.dsv'
[1.226s] INFO:colcon.colcon_core.shell:Creating package script '/home/johan/ros2_ws/src/text_to_cmd_vel_pkg/install/text_to_cmd_vel_pkg/share/text_to_cmd_vel_pkg/package.sh'
[1.227s] INFO:colcon.colcon_core.shell:Creating package script '/home/johan/ros2_ws/src/text_to_cmd_vel_pkg/install/text_to_cmd_vel_pkg/share/text_to_cmd_vel_pkg/package.bash'
[1.227s] INFO:colcon.colcon_core.shell:Creating package script '/home/johan/ros2_ws/src/text_to_cmd_vel_pkg/install/text_to_cmd_vel_pkg/share/text_to_cmd_vel_pkg/package.zsh'
[1.228s] Level 1:colcon.colcon_core.environment:create_file_with_runtime_dependencies(/home/johan/ros2_ws/src/text_to_cmd_vel_pkg/install/text_to_cmd_vel_pkg/share/colcon-core/packages/text_to_cmd_vel_pkg)
[1.230s] DEBUG:colcon.colcon_parallel_executor.executor.parallel:closing loop
[1.230s] DEBUG:colcon.colcon_parallel_executor.executor.parallel:loop closed
[1.230s] DEBUG:colcon.colcon_parallel_executor.executor.parallel:run_until_complete finished with '0'
[1.231s] DEBUG:colcon.colcon_core.event_reactor:joining thread
[1.348s] INFO:colcon.colcon_core.plugin_system:Skipping extension 'colcon_notification.desktop_notification.notify_send': Could not find 'notify-send'
[1.348s] INFO:colcon.colcon_core.plugin_system:Skipping extension 'colcon_notification.desktop_notification.terminal_notifier': Not used on non-Darwin systems
[1.348s] INFO:colcon.colcon_core.plugin_system:Skipping extension 'colcon_notification.desktop_notification.win32': Not used on non-Windows systems
[1.348s] INFO:colcon.colcon_notification.desktop_notification:Sending desktop notification using 'notify2'
[1.349s] DEBUG:colcon.colcon_notification.desktop_notification.notify2:Failed to initialize notify2: org.freedesktop.DBus.Error.FileNotFound: Failed to connect to socket /run/user/1000/bus: No such file or directory
[1.349s] DEBUG:colcon.colcon_core.event_reactor:joined thread
[1.349s] INFO:colcon.colcon_core.shell:Creating prefix script '/home/johan/ros2_ws/src/text_to_cmd_vel_pkg/install/local_setup.ps1'
[1.350s] INFO:colcon.colcon_core.shell:Creating prefix util module '/home/johan/ros2_ws/src/text_to_cmd_vel_pkg/install/_local_setup_util_ps1.py'
[1.351s] INFO:colcon.colcon_core.shell:Creating prefix chain script '/home/johan/ros2_ws/src/text_to_cmd_vel_pkg/install/setup.ps1'
[1.352s] INFO:colcon.colcon_core.shell:Creating prefix script '/home/johan/ros2_ws/src/text_to_cmd_vel_pkg/install/local_setup.sh'
[1.352s] INFO:colcon.colcon_core.shell:Creating prefix util module '/home/johan/ros2_ws/src/text_to_cmd_vel_pkg/install/_local_setup_util_sh.py'
[1.353s] INFO:colcon.colcon_core.shell:Creating prefix chain script '/home/johan/ros2_ws/src/text_to_cmd_vel_pkg/install/setup.sh'
[1.353s] INFO:colcon.colcon_core.shell:Creating prefix script '/home/johan/ros2_ws/src/text_to_cmd_vel_pkg/install/local_setup.bash'
[1.354s] INFO:colcon.colcon_core.shell:Creating prefix chain script '/home/johan/ros2_ws/src/text_to_cmd_vel_pkg/install/setup.bash'
[1.354s] INFO:colcon.colcon_core.shell:Creating prefix script '/home/johan/ros2_ws/src/text_to_cmd_vel_pkg/install/local_setup.zsh'
[1.355s] INFO:colcon.colcon_core.shell:Creating prefix chain script '/home/johan/ros2_ws/src/text_to_cmd_vel_pkg/install/setup.zsh'
